生成启动时间为 2016/5/17 19:29:56。
     1>项目“E:\Project\MathLib\MathLib\MathLib.vcxproj”在节点 2 上(Build 个目标)。
     1>C:\Program Files (x86)\MSBuild\Microsoft.Cpp\v4.0\V140\Microsoft.CppBuild.targets(367,5): warning MSB8004: Intermediate Directory does not end with a trailing slash.  This build instance will add the slash as it is required to allow proper evaluation of the Intermediate Directory.
     1>C:\Program Files (x86)\MSBuild\Microsoft.Cpp\v4.0\V140\Microsoft.CppBuild.targets(368,5): warning MSB8004: Output Directory does not end with a trailing slash.  This build instance will add the slash as it is required to allow proper evaluation of the Output Directory.
     1>ClCompile:
         C:\Program Files (x86)\Microsoft Visual Studio 14.0\VC\bin\CL.exe /c /Zi /nologo /W3 /WX- /sdl /O2 /Oi /Oy- /GL /D WIN32 /D NDEBUG /D _CONSOLE /D _UNICODE /D UNICODE /Gm- /EHsc /MD /GS /Gy /fp:precise /Zc:wchar_t /Zc:forScope /Zc:inline /Fo"E:\Project\MathLib\\bin\lib\Release\\" /Fd"E:\Project\MathLib\\bin\lib\Release\vc140.pdb" /Gd /TP /analyze- /errorReport:prompt Mathf\Source\Vector3\Vector3.cpp
         Vector3.cpp
     1>E:\Project\MathLib\MathLib\Mathf\Include\Vector3\MathfTool.h(25): warning C4091: “static ”: 没有声明变量时忽略“MathF::MathfTool”的左侧
       Link:
         C:\Program Files (x86)\Microsoft Visual Studio 14.0\VC\bin\link.exe /ERRORREPORT:PROMPT /OUT:"E:\Project\MathLib\\bin\Release\MathLib.exe" /INCREMENTAL:NO /NOLOGO kernel32.lib user32.lib gdi32.lib winspool.lib comdlg32.lib advapi32.lib shell32.lib ole32.lib oleaut32.lib uuid.lib odbc32.lib odbccp32.lib /MANIFEST /MANIFESTUAC:"level='asInvoker' uiAccess='false'" /manifest:embed /Debug /PDB:"E:\Project\MathLib\\bin\Release\MathLib.pdb" /SUBSYSTEM:CONSOLE /OPT:REF /OPT:ICF /LTCG:incremental /TLBID:1 /DYNAMICBASE /NXCOMPAT /IMPLIB:"E:\Project\MathLib\\bin\Release\MathLib.lib" /MACHINE:X86 /SAFESEH E:\Project\MathLib\\bin\lib\Release\Vector3.obj
         E:\Project\MathLib\\bin\lib\Release\MathLib.obj
         E:\Project\MathLib\\bin\lib\Release\stdafx.obj
         正在生成代码
         4 of 40 functions (10.0%) were compiled, the rest were copied from previous compilation.
           1 functions were new in current compilation
           0 functions had inline decision re-evaluated but remain unchanged
         已完成代码的生成
         MathLib.vcxproj -> E:\Project\MathLib\\bin\Release\MathLib.exe
     1>已完成生成项目“E:\Project\MathLib\MathLib\MathLib.vcxproj”(Build 个目标)的操作。

已成功生成。

已用时间 00:00:00.36
